[0609/211338.279:ERROR:scoped_process_suspend.cc(30)] NtSuspendProcess: 已尝试访问正在退出的过程。  (0xc000010a)
[0609/211338.343:ERROR:process_info.cc(103)] ReadProcessMemory bool __cdecl crashpad::`anonymous-namespace'::ReadStruct<struct crashpad::process_types::PEB<struct crashpad::process_types::internal::Traits64>>(void *,unsigned __int64,struct crashpad::process_types::PEB<struct crashpad::process_types::internal::Traits64> *): 仅完成部分的 ReadProcessMemory 或 WriteProcessMemory 请求。 (0x12B)
[0609/211338.343:ERROR:process_info.cc(542)] ReadProcessData failed
[0609/211338.343:ERROR:process_reader_win.cc(233)] ReadMemory at 0x7fee87b1160 of 12 bytes failed: 仅完成部分的 ReadProcessMemory 或 WriteProcessMemory 请求。 (0x12B)
[0609/211338.343:WARNING:process_snapshot_win.cc(68)] ReadMemory ExceptionInformation failed
[0609/211338.343:WARNING:crash_report_exception_handler.cc(60)] ProcessSnapshotWin::Initialize failed
[0614/165133.755:ERROR:process_info.cc(631)] range at 0xfffde000, size 0x230 fully unreadable
[0614/165133.784:ERROR:process_info.cc(631)] range at 0xfffdd000, size 0xf84 fully unreadable
[0614/165133.784:ERROR:process_info.cc(631)] range at 0xfffd7000, size 0xf84 fully unreadable
[0614/165133.784:ERROR:process_info.cc(631)] range at 0xfff9f000, size 0xf84 fully unreadable
[0614/165133.784:ERROR:process_info.cc(631)] range at 0xfff93000, size 0xf84 fully unreadable
[0614/165133.784:ERROR:process_info.cc(631)] range at 0xfff8f000, size 0xf84 fully unreadable
[0614/165133.784:ERROR:process_info.cc(631)] range at 0xfff89000, size 0xf84 fully unreadable
[0614/165133.784:ERROR:process_info.cc(631)] range at 0xfff96000, size 0xf84 fully unreadable
[0614/165133.784:ERROR:process_info.cc(631)] range at 0xfff86000, size 0xf84 fully unreadable
[0614/165133.784:ERROR:process_info.cc(631)] range at 0xfff80000, size 0xf84 fully unreadable
[0614/165133.784:ERROR:process_info.cc(631)] range at 0xfff7a000, size 0xf84 fully unreadable
[0614/165133.784:ERROR:process_info.cc(631)] range at 0xfff77000, size 0xf84 fully unreadable
[0614/165133.784:ERROR:process_info.cc(631)] range at 0xfff74000, size 0xf84 fully unreadable
[0614/165133.784:ERROR:process_info.cc(631)] range at 0xfff71000, size 0xf84 fully unreadable
[0614/165133.784:ERROR:process_info.cc(631)] range at 0xfff6e000, size 0xf84 fully unreadable
[0614/165133.784:ERROR:process_info.cc(631)] range at 0xfff6b000, size 0xf84 fully unreadable
[0614/165133.784:ERROR:process_info.cc(631)] range at 0xfff68000, size 0xf84 fully unreadable
[0614/165133.784:ERROR:process_info.cc(631)] range at 0xfff65000, size 0xf84 fully unreadable
[0614/165133.784:ERROR:process_info.cc(631)] range at 0xfff62000, size 0xf84 fully unreadable
[0614/165133.784:ERROR:process_info.cc(631)] range at 0xfff5f000, size 0xf84 fully unreadable
[0614/165133.784:ERROR:process_info.cc(631)] range at 0xfff5c000, size 0xf84 fully unreadable
[0614/165133.784:ERROR:process_info.cc(631)] range at 0xfff4d000, size 0xf84 fully unreadable
[0614/165133.784:ERROR:process_info.cc(631)] range at 0xfff4a000, size 0xf84 fully unreadable
[0614/165133.784:ERROR:process_info.cc(631)] range at 0xfff3e000, size 0xf84 fully unreadable
[0614/165133.784:ERROR:process_info.cc(631)] range at 0xfff38000, size 0xf84 fully unreadable
[0614/165133.784:ERROR:process_info.cc(631)] range at 0xfff35000, size 0xf84 fully unreadable
[0614/165133.784:ERROR:process_info.cc(631)] range at 0xfff32000, size 0xf84 fully unreadable
[0614/165133.784:ERROR:process_info.cc(631)] range at 0xfff2f000, size 0xf84 fully unreadable
[0614/165133.784:ERROR:process_info.cc(631)] range at 0xfff2c000, size 0xf84 fully unreadable
[0614/165133.784:ERROR:process_info.cc(631)] range at 0xfffda000, size 0xf84 fully unreadable
[0614/165133.784:ERROR:process_info.cc(631)] range at 0xfff99000, size 0xf84 fully unreadable
[0614/165133.784:ERROR:process_info.cc(631)] range at 0xfff8c000, size 0xf84 fully unreadable
[0614/165133.784:ERROR:process_info.cc(631)] range at 0xfff83000, size 0xf84 fully unreadable
[0614/165133.785:ERROR:process_info.cc(631)] range at 0xfff9c000, size 0xf84 fully unreadable
[0614/165133.785:ERROR:process_info.cc(631)] range at 0xfff7d000, size 0xf84 fully unreadable
